[debug] [2022-09-01T23:44:46.930Z] ----------------------------------------------------------------------
[debug] [2022-09-01T23:44:46.932Z] Command:       C:\Program Files\nodejs\node.exe C:\Users\Perros\AppData\Roaming\npm\node_modules\firebase-tools\lib\bin\firebase.js init
[debug] [2022-09-01T23:44:46.933Z] CLI Version:   11.8.0
[debug] [2022-09-01T23:44:46.933Z] Platform:      win32
[debug] [2022-09-01T23:44:46.933Z] Node Version:  v16.15.0
[debug] [2022-09-01T23:44:46.934Z] Time:          Thu Sep 01 2022 20:44:46 GMT-0300 (hora estándar de Argentina)
[debug] [2022-09-01T23:44:46.934Z] ----------------------------------------------------------------------
[debug] 
[debug] [2022-09-01T23:44:47.011Z] > command requires scopes: ["email","openid","https://www.googleapis.com/auth/cloudplatformprojects.readonly","https://www.googleapis.com/auth/firebase","https://www.googleapis.com/auth/cloud-platform"]
[debug] [2022-09-01T23:44:47.011Z] > authorizing via signed-in user (aye.trigo@gmail.com)
[info] 
     ######## #### ########  ######## ########     ###     ######  ########
     ##        ##  ##     ## ##       ##     ##  ##   ##  ##       ##
     ######    ##  ########  ######   ########  #########  ######  ######
     ##        ##  ##    ##  ##       ##     ## ##     ##       ## ##
     ##       #### ##     ## ######## ########  ##     ##  ######  ########

You're about to initialize a Firebase project in this directory:

  C:\Users\Perros\documents\cursos\react\portfolio-react

Before we get started, keep in mind:

  * You are initializing within an existing Firebase project directory

[info] 
=== Project Setup
[info] 
[info] First, let's associate this project directory with a Firebase project.
[info] You can create multiple project aliases by running firebase use --add, 
[info] but for now we'll just set up a default project.
[info] 
[debug] [2022-09-01T23:45:08.368Z] Using project from CLI flag: portfolio-ayelen-trigo
[debug] [2022-09-01T23:45:08.371Z] >>> [apiv2][query] GET https://firebase.googleapis.com/v1beta1/projects/portfolio-ayelen-trigo [none]
[debug] [2022-09-01T23:45:08.755Z] <<< [apiv2][status] GET https://firebase.googleapis.com/v1beta1/projects/portfolio-ayelen-trigo 200
[debug] [2022-09-01T23:45:08.755Z] <<< [apiv2][body] GET https://firebase.googleapis.com/v1beta1/projects/portfolio-ayelen-trigo {"projectId":"portfolio-ayelen-trigo","projectNumber":"222703097228","displayName":"Portfolio Ayelen Trigo","name":"projects/portfolio-ayelen-trigo","resources":{"hostingSite":"portfolio-ayelen-trigo"},"state":"ACTIVE","etag":"1_264c858b-0625-4ba9-9c7a-2d190c8d740f"}
[info] i  Using project portfolio-ayelen-trigo (Portfolio Ayelen Trigo) 
[info] 
=== Hosting Setup
[info] 
[info] Your public directory is the folder (relative to your project directory) that
[info] will contain Hosting assets to be uploaded with firebase deploy. If you
[info] have a build process for your assets, use your build's output directory.
[info] 
[debug] [2022-09-01T23:46:41.744Z] Error: kill ENOSYS
    at process.kill (node:internal/process/per_thread:220:13)
    at process.listener (C:\Users\Perros\AppData\Roaming\npm\node_modules\firebase-tools\node_modules\signal-exit\index.js:95:15)
    at process.emit (node:events:527:28)
[error] 
[error] Error: An unexpected error has occurred.
